10:22:00.881 [Thread-38] INFO  sys-user - [shutdownSpringSessionValidationScheduler,45] - ====关闭会话验证任务====
10:22:26.874 [Thread-38] INFO  sys-user - [shutdownAsyncManager,62] - ====关闭后台任务任务线程池====
10:22:26.875 [Thread-38] INFO  sys-user - [shutdownEhCacheManager,75] - ====关闭缓存====
10:22:36.488 [Thread-46] INFO  sys-user - [shutdownAsyncManager,62] - ====关闭后台任务任务线程池====
10:22:36.490 [Thread-46] INFO  sys-user - [shutdownEhCacheManager,75] - ====关闭缓存====
10:25:33.713 [Thread-52] INFO  sys-user - [shutdownAsyncManager,62] - ====关闭后台任务任务线程池====
10:25:33.714 [Thread-52] INFO  sys-user - [shutdownEhCacheManager,75] - ====关闭缓存====
10:26:10.090 [Thread-58] INFO  sys-user - [shutdownAsyncManager,62] - ====关闭后台任务任务线程池====
10:26:10.091 [Thread-58] INFO  sys-user - [shutdownEhCacheManager,75] - ====关闭缓存====
10:33:19.834 [schedule-pool-2] INFO  sys-user - [run,109] - [127.0.0.1]内网IP[air][Success][登录成功]
10:52:20.911 [Thread-21] INFO  sys-user - [shutdownSpringSessionValidationScheduler,45] - ====关闭会话验证任务====
10:52:20.912 [Thread-21] INFO  sys-user - [shutdownAsyncManager,62] - ====关闭后台任务任务线程池====
10:52:20.912 [Thread-21] INFO  sys-user - [shutdownEhCacheManager,75] - ====关闭缓存====
10:52:32.134 [Thread-31] INFO  sys-user - [shutdownSpringSessionValidationScheduler,45] - ====关闭会话验证任务====
10:52:32.135 [Thread-31] INFO  sys-user - [shutdownAsyncManager,62] - ====关闭后台任务任务线程池====
10:52:32.135 [Thread-31] INFO  sys-user - [shutdownEhCacheManager,75] - ====关闭缓存====
10:52:40.938 [Thread-37] INFO  sys-user - [shutdownSpringSessionValidationScheduler,45] - ====关闭会话验证任务====
10:52:40.939 [Thread-37] INFO  sys-user - [shutdownAsyncManager,62] - ====关闭后台任务任务线程池====
10:52:40.939 [Thread-37] INFO  sys-user - [shutdownEhCacheManager,75] - ====关闭缓存====
10:52:50.235 [Thread-43] INFO  sys-user - [shutdownSpringSessionValidationScheduler,45] - ====关闭会话验证任务====
10:52:50.236 [Thread-43] INFO  sys-user - [shutdownAsyncManager,62] - ====关闭后台任务任务线程池====
10:52:50.236 [Thread-43] INFO  sys-user - [shutdownEhCacheManager,75] - ====关闭缓存====
10:53:47.213 [Thread-49] INFO  sys-user - [shutdownSpringSessionValidationScheduler,45] - ====关闭会话验证任务====
10:53:47.213 [Thread-49] INFO  sys-user - [shutdownAsyncManager,62] - ====关闭后台任务任务线程池====
10:53:47.213 [Thread-49] INFO  sys-user - [shutdownEhCacheManager,75] - ====关闭缓存====
10:54:25.345 [Thread-55] INFO  sys-user - [shutdownSpringSessionValidationScheduler,45] - ====关闭会话验证任务====
10:54:25.346 [Thread-55] INFO  sys-user - [shutdownAsyncManager,62] - ====关闭后台任务任务线程池====
10:54:25.346 [Thread-55] INFO  sys-user - [shutdownEhCacheManager,75] - ====关闭缓存====
10:56:30.730 [Thread-61] INFO  sys-user - [shutdownSpringSessionValidationScheduler,45] - ====关闭会话验证任务====
10:56:30.730 [Thread-61] INFO  sys-user - [shutdownAsyncManager,62] - ====关闭后台任务任务线程池====
10:56:30.732 [Thread-61] INFO  sys-user - [shutdownEhCacheManager,75] - ====关闭缓存====
10:58:25.754 [Thread-67] INFO  sys-user - [shutdownSpringSessionValidationScheduler,45] - ====关闭会话验证任务====
10:58:25.755 [Thread-67] INFO  sys-user - [shutdownAsyncManager,62] - ====关闭后台任务任务线程池====
10:58:25.755 [Thread-67] INFO  sys-user - [shutdownEhCacheManager,75] - ====关闭缓存====
11:00:19.830 [Thread-76] INFO  sys-user - [shutdownSpringSessionValidationScheduler,45] - ====关闭会话验证任务====
11:00:19.831 [Thread-76] INFO  sys-user - [shutdownAsyncManager,62] - ====关闭后台任务任务线程池====
11:00:19.832 [Thread-76] INFO  sys-user - [shutdownEhCacheManager,75] - ====关闭缓存====
11:01:45.091 [Thread-82] INFO  sys-user - [shutdownSpringSessionValidationScheduler,45] - ====关闭会话验证任务====
11:01:45.092 [Thread-82] INFO  sys-user - [shutdownAsyncManager,62] - ====关闭后台任务任务线程池====
11:01:45.093 [Thread-82] INFO  sys-user - [shutdownEhCacheManager,75] - ====关闭缓存====
11:16:35.405 [schedule-pool-1] INFO  sys-user - [run,109] - [127.0.0.1]内网IP[air][Success][登录成功]
11:16:48.244 [SpringApplicationShutdownHook] INFO  sys-user - [shutdownSpringSessionValidationScheduler,45] - ====关闭会话验证任务====
11:36:00.783 [schedule-pool-2] INFO  sys-user - [run,109] - [127.0.0.1]内网IP[air][Success][登录成功]
11:36:11.053 [schedule-pool-3] INFO  sys-user - [run,109] - [127.0.0.1]内网IP[air][Logout][退出成功]
11:36:18.427 [schedule-pool-2] INFO  sys-user - [run,109] - [127.0.0.1]内网IP[air01][Success][登录成功]
11:43:10.986 [Thread-21] INFO  sys-user - [shutdownSpringSessionValidationScheduler,45] - ====关闭会话验证任务====
11:43:10.987 [Thread-21] INFO  sys-user - [shutdownAsyncManager,62] - ====关闭后台任务任务线程池====
11:43:10.987 [Thread-21] INFO  sys-user - [shutdownEhCacheManager,75] - ====关闭缓存====
11:48:42.440 [Thread-33] INFO  sys-user - [shutdownSpringSessionValidationScheduler,45] - ====关闭会话验证任务====
11:48:42.441 [Thread-33] INFO  sys-user - [shutdownAsyncManager,62] - ====关闭后台任务任务线程池====
11:48:42.441 [Thread-33] INFO  sys-user - [shutdownEhCacheManager,75] - ====关闭缓存====
11:48:51.036 [Thread-39] INFO  sys-user - [shutdownSpringSessionValidationScheduler,45] - ====关闭会话验证任务====
11:48:51.037 [Thread-39] INFO  sys-user - [shutdownAsyncManager,62] - ====关闭后台任务任务线程池====
11:48:51.037 [Thread-39] INFO  sys-user - [shutdownEhCacheManager,75] - ====关闭缓存====
11:49:02.055 [Thread-45] INFO  sys-user - [shutdownSpringSessionValidationScheduler,45] - ====关闭会话验证任务====
11:49:02.055 [Thread-45] INFO  sys-user - [shutdownAsyncManager,62] - ====关闭后台任务任务线程池====
11:49:02.055 [Thread-45] INFO  sys-user - [shutdownEhCacheManager,75] - ====关闭缓存====
11:49:10.424 [Thread-51] INFO  sys-user - [shutdownSpringSessionValidationScheduler,45] - ====关闭会话验证任务====
11:49:10.425 [Thread-51] INFO  sys-user - [shutdownAsyncManager,62] - ====关闭后台任务任务线程池====
11:49:10.425 [Thread-51] INFO  sys-user - [shutdownEhCacheManager,75] - ====关闭缓存====
11:49:26.471 [Thread-57] INFO  sys-user - [shutdownSpringSessionValidationScheduler,45] - ====关闭会话验证任务====
11:49:26.471 [Thread-57] INFO  sys-user - [shutdownAsyncManager,62] - ====关闭后台任务任务线程池====
11:49:26.472 [Thread-57] INFO  sys-user - [shutdownEhCacheManager,75] - ====关闭缓存====
11:49:54.421 [Thread-63] INFO  sys-user - [shutdownSpringSessionValidationScheduler,45] - ====关闭会话验证任务====
11:49:54.422 [Thread-63] INFO  sys-user - [shutdownAsyncManager,62] - ====关闭后台任务任务线程池====
11:49:54.422 [Thread-63] INFO  sys-user - [shutdownEhCacheManager,75] - ====关闭缓存====
11:50:15.158 [Thread-69] INFO  sys-user - [shutdownSpringSessionValidationScheduler,45] - ====关闭会话验证任务====
11:50:15.158 [Thread-69] INFO  sys-user - [shutdownAsyncManager,62] - ====关闭后台任务任务线程池====
11:50:15.159 [Thread-69] INFO  sys-user - [shutdownEhCacheManager,75] - ====关闭缓存====
11:50:37.822 [Thread-75] INFO  sys-user - [shutdownSpringSessionValidationScheduler,45] - ====关闭会话验证任务====
11:50:37.822 [Thread-75] INFO  sys-user - [shutdownAsyncManager,62] - ====关闭后台任务任务线程池====
11:50:37.823 [Thread-75] INFO  sys-user - [shutdownEhCacheManager,75] - ====关闭缓存====
11:51:51.440 [Thread-81] INFO  sys-user - [shutdownSpringSessionValidationScheduler,45] - ====关闭会话验证任务====
11:51:51.442 [Thread-81] INFO  sys-user - [shutdownAsyncManager,62] - ====关闭后台任务任务线程池====
11:51:51.442 [Thread-81] INFO  sys-user - [shutdownEhCacheManager,75] - ====关闭缓存====
11:52:27.469 [Thread-87] INFO  sys-user - [shutdownSpringSessionValidationScheduler,45] - ====关闭会话验证任务====
11:52:27.469 [Thread-87] INFO  sys-user - [shutdownAsyncManager,62] - ====关闭后台任务任务线程池====
11:52:27.470 [Thread-87] INFO  sys-user - [shutdownEhCacheManager,75] - ====关闭缓存====
11:54:20.011 [Thread-93] INFO  sys-user - [shutdownSpringSessionValidationScheduler,45] - ====关闭会话验证任务====
11:54:20.011 [Thread-93] INFO  sys-user - [shutdownAsyncManager,62] - ====关闭后台任务任务线程池====
11:54:20.012 [Thread-93] INFO  sys-user - [shutdownEhCacheManager,75] - ====关闭缓存====
11:54:40.259 [Thread-99] INFO  sys-user - [shutdownSpringSessionValidationScheduler,45] - ====关闭会话验证任务====
11:54:40.259 [Thread-99] INFO  sys-user - [shutdownAsyncManager,62] - ====关闭后台任务任务线程池====
11:54:40.259 [Thread-99] INFO  sys-user - [shutdownEhCacheManager,75] - ====关闭缓存====
12:00:12.576 [Thread-105] INFO  sys-user - [shutdownSpringSessionValidationScheduler,45] - ====关闭会话验证任务====
12:00:12.576 [Thread-105] INFO  sys-user - [shutdownAsyncManager,62] - ====关闭后台任务任务线程池====
12:00:12.577 [Thread-105] INFO  sys-user - [shutdownEhCacheManager,75] - ====关闭缓存====
12:00:54.826 [Thread-111] INFO  sys-user - [shutdownSpringSessionValidationScheduler,45] - ====关闭会话验证任务====
12:00:54.826 [Thread-111] INFO  sys-user - [shutdownAsyncManager,62] - ====关闭后台任务任务线程池====
12:00:54.827 [Thread-111] INFO  sys-user - [shutdownEhCacheManager,75] - ====关闭缓存====
12:13:40.913 [schedule-pool-2] INFO  sys-user - [run,109] - [127.0.0.1]内网IP[air][Success][登录成功]
12:21:03.542 [Thread-134] INFO  sys-user - [shutdownSpringSessionValidationScheduler,45] - ====关闭会话验证任务====
12:21:03.543 [Thread-134] INFO  sys-user - [shutdownAsyncManager,62] - ====关闭后台任务任务线程池====
12:21:03.543 [Thread-134] INFO  sys-user - [shutdownEhCacheManager,75] - ====关闭缓存====
12:21:25.964 [Thread-150] INFO  sys-user - [shutdownSpringSessionValidationScheduler,45] - ====关闭会话验证任务====
12:21:25.964 [Thread-150] INFO  sys-user - [shutdownAsyncManager,62] - ====关闭后台任务任务线程池====
12:21:25.965 [Thread-150] INFO  sys-user - [shutdownEhCacheManager,75] - ====关闭缓存====
12:26:35.400 [Thread-156] INFO  sys-user - [shutdownSpringSessionValidationScheduler,45] - ====关闭会话验证任务====
12:26:35.400 [Thread-156] INFO  sys-user - [shutdownAsyncManager,62] - ====关闭后台任务任务线程池====
12:26:35.401 [Thread-156] INFO  sys-user - [shutdownEhCacheManager,75] - ====关闭缓存====
12:26:47.005 [schedule-pool-1] INFO  sys-user - [run,109] - [127.0.0.1]内网IP[air][Error][验证码错误]
12:26:53.938 [schedule-pool-1] INFO  sys-user - [run,109] - [127.0.0.1]内网IP[air][Success][登录成功]
12:30:16.851 [Thread-162] INFO  sys-user - [shutdownSpringSessionValidationScheduler,45] - ====关闭会话验证任务====
12:30:16.852 [Thread-162] INFO  sys-user - [shutdownAsyncManager,62] - ====关闭后台任务任务线程池====
12:30:16.852 [Thread-162] INFO  sys-user - [shutdownEhCacheManager,75] - ====关闭缓存====
12:30:25.048 [Thread-170] INFO  sys-user - [shutdownAsyncManager,62] - ====关闭后台任务任务线程池====
12:30:25.050 [Thread-170] INFO  sys-user - [shutdownEhCacheManager,75] - ====关闭缓存====
12:30:32.046 [Thread-176] INFO  sys-user - [shutdownAsyncManager,62] - ====关闭后台任务任务线程池====
12:30:32.048 [Thread-176] INFO  sys-user - [shutdownEhCacheManager,75] - ====关闭缓存====
12:30:39.513 [Thread-182] INFO  sys-user - [shutdownSpringSessionValidationScheduler,45] - ====关闭会话验证任务====
12:30:39.513 [Thread-182] INFO  sys-user - [shutdownAsyncManager,62] - ====关闭后台任务任务线程池====
12:30:39.513 [Thread-182] INFO  sys-user - [shutdownEhCacheManager,75] - ====关闭缓存====
12:30:46.746 [Thread-188] INFO  sys-user - [shutdownAsyncManager,62] - ====关闭后台任务任务线程池====
12:30:46.748 [Thread-188] INFO  sys-user - [shutdownEhCacheManager,75] - ====关闭缓存====
12:31:06.366 [Thread-194] INFO  sys-user - [shutdownSpringSessionValidationScheduler,45] - ====关闭会话验证任务====
12:31:06.366 [Thread-194] INFO  sys-user - [shutdownAsyncManager,62] - ====关闭后台任务任务线程池====
12:31:06.367 [Thread-194] INFO  sys-user - [shutdownEhCacheManager,75] - ====关闭缓存====
12:31:23.524 [Thread-200] INFO  sys-user - [shutdownSpringSessionValidationScheduler,45] - ====关闭会话验证任务====
12:31:23.525 [Thread-200] INFO  sys-user - [shutdownAsyncManager,62] - ====关闭后台任务任务线程池====
12:31:23.525 [Thread-200] INFO  sys-user - [shutdownEhCacheManager,75] - ====关闭缓存====
12:31:59.720 [Thread-206] INFO  sys-user - [shutdownSpringSessionValidationScheduler,45] - ====关闭会话验证任务====
12:31:59.720 [Thread-206] INFO  sys-user - [shutdownAsyncManager,62] - ====关闭后台任务任务线程池====
12:31:59.721 [Thread-206] INFO  sys-user - [shutdownEhCacheManager,75] - ====关闭缓存====
12:32:17.843 [Thread-212] INFO  sys-user - [shutdownSpringSessionValidationScheduler,45] - ====关闭会话验证任务====
12:32:17.844 [Thread-212] INFO  sys-user - [shutdownAsyncManager,62] - ====关闭后台任务任务线程池====
12:32:17.845 [Thread-212] INFO  sys-user - [shutdownEhCacheManager,75] - ====关闭缓存====
12:37:28.725 [schedule-pool-2] INFO  sys-user - [run,109] - [127.0.0.1]内网IP[air][Success][登录成功]
12:39:54.289 [Thread-218] INFO  sys-user - [shutdownSpringSessionValidationScheduler,45] - ====关闭会话验证任务====
12:39:54.290 [Thread-218] INFO  sys-user - [shutdownAsyncManager,62] - ====关闭后台任务任务线程池====
12:39:54.290 [Thread-218] INFO  sys-user - [shutdownEhCacheManager,75] - ====关闭缓存====
12:40:01.775 [Thread-227] INFO  sys-user - [shutdownSpringSessionValidationScheduler,45] - ====关闭会话验证任务====
12:40:01.776 [Thread-227] INFO  sys-user - [shutdownAsyncManager,62] - ====关闭后台任务任务线程池====
12:40:01.776 [Thread-227] INFO  sys-user - [shutdownEhCacheManager,75] - ====关闭缓存====
12:40:14.328 [Thread-233] INFO  sys-user - [shutdownSpringSessionValidationScheduler,45] - ====关闭会话验证任务====
12:40:14.329 [Thread-233] INFO  sys-user - [shutdownAsyncManager,62] - ====关闭后台任务任务线程池====
12:40:14.329 [Thread-233] INFO  sys-user - [shutdownEhCacheManager,75] - ====关闭缓存====
12:40:27.187 [Thread-239] INFO  sys-user - [shutdownSpringSessionValidationScheduler,45] - ====关闭会话验证任务====
12:40:27.187 [Thread-239] INFO  sys-user - [shutdownAsyncManager,62] - ====关闭后台任务任务线程池====
12:40:27.188 [Thread-239] INFO  sys-user - [shutdownEhCacheManager,75] - ====关闭缓存====
12:40:34.917 [Thread-245] INFO  sys-user - [shutdownSpringSessionValidationScheduler,45] - ====关闭会话验证任务====
12:40:34.918 [Thread-245] INFO  sys-user - [shutdownAsyncManager,62] - ====关闭后台任务任务线程池====
12:40:34.918 [Thread-245] INFO  sys-user - [shutdownEhCacheManager,75] - ====关闭缓存====
12:40:46.374 [Thread-251] INFO  sys-user - [shutdownSpringSessionValidationScheduler,45] - ====关闭会话验证任务====
12:40:46.375 [Thread-251] INFO  sys-user - [shutdownAsyncManager,62] - ====关闭后台任务任务线程池====
12:40:46.375 [Thread-251] INFO  sys-user - [shutdownEhCacheManager,75] - ====关闭缓存====
12:40:54.475 [Thread-257] INFO  sys-user - [shutdownSpringSessionValidationScheduler,45] - ====关闭会话验证任务====
12:40:54.476 [Thread-257] INFO  sys-user - [shutdownAsyncManager,62] - ====关闭后台任务任务线程池====
12:40:54.476 [Thread-257] INFO  sys-user - [shutdownEhCacheManager,75] - ====关闭缓存====
12:41:19.779 [Thread-263] INFO  sys-user - [shutdownSpringSessionValidationScheduler,45] - ====关闭会话验证任务====
12:41:19.779 [Thread-263] INFO  sys-user - [shutdownAsyncManager,62] - ====关闭后台任务任务线程池====
12:41:19.780 [Thread-263] INFO  sys-user - [shutdownEhCacheManager,75] - ====关闭缓存====
12:41:28.388 [Thread-269] INFO  sys-user - [shutdownSpringSessionValidationScheduler,45] - ====关闭会话验证任务====
12:41:28.388 [Thread-269] INFO  sys-user - [shutdownAsyncManager,62] - ====关闭后台任务任务线程池====
12:41:28.389 [Thread-269] INFO  sys-user - [shutdownEhCacheManager,75] - ====关闭缓存====
12:41:43.820 [Thread-275] INFO  sys-user - [shutdownSpringSessionValidationScheduler,45] - ====关闭会话验证任务====
12:41:43.821 [Thread-275] INFO  sys-user - [shutdownAsyncManager,62] - ====关闭后台任务任务线程池====
12:41:43.821 [Thread-275] INFO  sys-user - [shutdownEhCacheManager,75] - ====关闭缓存====
12:51:51.019 [schedule-pool-2] INFO  sys-user - [run,109] - [127.0.0.1]内网IP[air][Success][登录成功]
12:52:53.875 [schedule-pool-3] INFO  sys-user - [run,109] - [127.0.0.1]内网IP[air01][Success][登录成功]
12:59:37.823 [Thread-281] INFO  sys-user - [shutdownSpringSessionValidationScheduler,45] - ====关闭会话验证任务====
12:59:37.823 [Thread-281] INFO  sys-user - [shutdownAsyncManager,62] - ====关闭后台任务任务线程池====
12:59:37.823 [Thread-281] INFO  sys-user - [shutdownEhCacheManager,75] - ====关闭缓存====
13:00:44.457 [Thread-289] INFO  sys-user - [shutdownSpringSessionValidationScheduler,45] - ====关闭会话验证任务====
13:00:44.457 [Thread-289] INFO  sys-user - [shutdownAsyncManager,62] - ====关闭后台任务任务线程池====
13:00:44.458 [Thread-289] INFO  sys-user - [shutdownEhCacheManager,75] - ====关闭缓存====
13:01:58.635 [schedule-pool-2] INFO  sys-user - [run,109] - [127.0.0.1]内网IP[air][Success][登录成功]
13:02:27.385 [schedule-pool-3] INFO  sys-user - [run,109] - [127.0.0.1]内网IP[air01][Success][登录成功]
13:11:25.730 [Thread-295] INFO  sys-user - [shutdownSpringSessionValidationScheduler,45] - ====关闭会话验证任务====
13:11:32.864 [Thread-295] INFO  sys-user - [shutdownAsyncManager,62] - ====关闭后台任务任务线程池====
13:11:32.864 [Thread-295] INFO  sys-user - [shutdownEhCacheManager,75] - ====关闭缓存====
13:12:03.218 [schedule-pool-2] INFO  sys-user - [run,109] - [127.0.0.1]内网IP[air01][Error][验证码错误]
13:12:05.717 [schedule-pool-3] INFO  sys-user - [run,109] - [127.0.0.1]内网IP[air01][Success][登录成功]
13:16:25.062 [schedule-pool-2] INFO  sys-user - [run,109] - [127.0.0.1]内网IP[air][Error][验证码错误]
13:16:27.634 [schedule-pool-1] INFO  sys-user - [run,109] - [127.0.0.1]内网IP[air][Success][登录成功]
13:23:52.485 [Thread-302] INFO  sys-user - [shutdownSpringSessionValidationScheduler,45] - ====关闭会话验证任务====
13:23:52.487 [Thread-302] INFO  sys-user - [shutdownAsyncManager,62] - ====关闭后台任务任务线程池====
13:23:52.487 [Thread-302] INFO  sys-user - [shutdownEhCacheManager,75] - ====关闭缓存====
13:24:02.705 [Thread-311] INFO  sys-user - [shutdownSpringSessionValidationScheduler,45] - ====关闭会话验证任务====
13:24:02.707 [Thread-311] INFO  sys-user - [shutdownAsyncManager,62] - ====关闭后台任务任务线程池====
13:24:02.707 [Thread-311] INFO  sys-user - [shutdownEhCacheManager,75] - ====关闭缓存====
13:24:16.230 [Thread-317] INFO  sys-user - [shutdownSpringSessionValidationScheduler,45] - ====关闭会话验证任务====
13:24:16.230 [Thread-317] INFO  sys-user - [shutdownAsyncManager,62] - ====关闭后台任务任务线程池====
13:24:16.231 [Thread-317] INFO  sys-user - [shutdownEhCacheManager,75] - ====关闭缓存====
13:24:28.589 [Thread-323] INFO  sys-user - [shutdownSpringSessionValidationScheduler,45] - ====关闭会话验证任务====
13:24:28.590 [Thread-323] INFO  sys-user - [shutdownAsyncManager,62] - ====关闭后台任务任务线程池====
13:24:28.590 [Thread-323] INFO  sys-user - [shutdownEhCacheManager,75] - ====关闭缓存====
13:24:57.365 [Thread-329] INFO  sys-user - [shutdownSpringSessionValidationScheduler,45] - ====关闭会话验证任务====
13:24:57.365 [Thread-329] INFO  sys-user - [shutdownAsyncManager,62] - ====关闭后台任务任务线程池====
13:24:57.366 [Thread-329] INFO  sys-user - [shutdownEhCacheManager,75] - ====关闭缓存====
13:25:18.668 [Thread-335] INFO  sys-user - [shutdownSpringSessionValidationScheduler,45] - ====关闭会话验证任务====
13:25:18.669 [Thread-335] INFO  sys-user - [shutdownAsyncManager,62] - ====关闭后台任务任务线程池====
13:25:18.669 [Thread-335] INFO  sys-user - [shutdownEhCacheManager,75] - ====关闭缓存====
13:25:28.781 [Thread-341] INFO  sys-user - [shutdownAsyncManager,62] - ====关闭后台任务任务线程池====
13:25:28.782 [Thread-341] INFO  sys-user - [shutdownEhCacheManager,75] - ====关闭缓存====
13:25:41.677 [Thread-347] INFO  sys-user - [shutdownSpringSessionValidationScheduler,45] - ====关闭会话验证任务====
13:25:41.678 [Thread-347] INFO  sys-user - [shutdownAsyncManager,62] - ====关闭后台任务任务线程池====
13:25:41.679 [Thread-347] INFO  sys-user - [shutdownEhCacheManager,75] - ====关闭缓存====
13:25:54.684 [Thread-353] INFO  sys-user - [shutdownAsyncManager,62] - ====关闭后台任务任务线程池====
13:25:54.687 [Thread-353] INFO  sys-user - [shutdownEhCacheManager,75] - ====关闭缓存====
13:26:16.416 [Thread-359] INFO  sys-user - [shutdownSpringSessionValidationScheduler,45] - ====关闭会话验证任务====
13:26:16.416 [Thread-359] INFO  sys-user - [shutdownAsyncManager,62] - ====关闭后台任务任务线程池====
13:26:16.416 [Thread-359] INFO  sys-user - [shutdownEhCacheManager,75] - ====关闭缓存====
13:27:10.774 [Thread-365] INFO  sys-user - [shutdownSpringSessionValidationScheduler,45] - ====关闭会话验证任务====
13:27:10.777 [Thread-365] INFO  sys-user - [shutdownAsyncManager,62] - ====关闭后台任务任务线程池====
13:27:10.781 [Thread-365] INFO  sys-user - [shutdownEhCacheManager,75] - ====关闭缓存====
13:27:47.108 [Thread-371] INFO  sys-user - [shutdownSpringSessionValidationScheduler,45] - ====关闭会话验证任务====
13:27:47.108 [Thread-371] INFO  sys-user - [shutdownAsyncManager,62] - ====关闭后台任务任务线程池====
13:27:47.109 [Thread-371] INFO  sys-user - [shutdownEhCacheManager,75] - ====关闭缓存====
13:27:55.839 [Thread-377] INFO  sys-user - [shutdownAsyncManager,62] - ====关闭后台任务任务线程池====
13:27:55.840 [Thread-377] INFO  sys-user - [shutdownEhCacheManager,75] - ====关闭缓存====
13:28:10.093 [Thread-383] INFO  sys-user - [shutdownSpringSessionValidationScheduler,45] - ====关闭会话验证任务====
13:28:10.093 [Thread-383] INFO  sys-user - [shutdownAsyncManager,62] - ====关闭后台任务任务线程池====
13:28:10.093 [Thread-383] INFO  sys-user - [shutdownEhCacheManager,75] - ====关闭缓存====
13:39:26.297 [Thread-389] INFO  sys-user - [shutdownSpringSessionValidationScheduler,45] - ====关闭会话验证任务====
13:39:26.298 [Thread-389] INFO  sys-user - [shutdownAsyncManager,62] - ====关闭后台任务任务线程池====
13:39:26.298 [Thread-389] INFO  sys-user - [shutdownEhCacheManager,75] - ====关闭缓存====
13:40:33.226 [Thread-395] INFO  sys-user - [shutdownAsyncManager,62] - ====关闭后台任务任务线程池====
13:40:33.228 [Thread-395] INFO  sys-user - [shutdownEhCacheManager,75] - ====关闭缓存====
13:41:42.373 [Thread-404] INFO  sys-user - [shutdownAsyncManager,62] - ====关闭后台任务任务线程池====
13:41:42.374 [Thread-404] INFO  sys-user - [shutdownEhCacheManager,75] - ====关闭缓存====
