11:06:12.062 [schedule-pool-3] INFO  sys-user - [run,109] - [127.0.0.1]内网IP[admin][Success][登录成功]
11:09:42.295 [Thread-43] INFO  sys-user - [shutdownSpringSessionValidationScheduler,45] - ====关闭会话验证任务====
11:09:42.296 [Thread-43] INFO  sys-user - [shutdownAsyncManager,62] - ====关闭后台任务任务线程池====
11:09:42.297 [Thread-43] INFO  sys-user - [shutdownEhCacheManager,75] - ====关闭缓存====
11:11:04.186 [Thread-53] INFO  sys-user - [shutdownAsyncManager,62] - ====关闭后台任务任务线程池====
11:14:31.790 [Thread-59] INFO  sys-user - [shutdownAsyncManager,62] - ====关闭后台任务任务线程池====
11:14:31.889 [Thread-59] INFO  sys-user - [shutdownEhCacheManager,75] - ====关闭缓存====
11:15:11.910 [SpringApplicationShutdownHook] INFO  sys-user - [shutdownAsyncManager,62] - ====关闭后台任务任务线程池====
11:15:11.912 [SpringApplicationShutdownHook] INFO  sys-user - [shutdownEhCacheManager,75] - ====关闭缓存====
11:16:00.356 [schedule-pool-2] INFO  sys-user - [run,109] - [127.0.0.1]内网IP[admin][Success][登录成功]
11:31:58.862 [Thread-30] INFO  sys-user - [shutdownSpringSessionValidationScheduler,45] - ====关闭会话验证任务====
11:31:58.864 [Thread-30] INFO  sys-user - [shutdownAsyncManager,62] - ====关闭后台任务任务线程池====
11:31:58.865 [Thread-30] INFO  sys-user - [shutdownEhCacheManager,75] - ====关闭缓存====
11:33:02.992 [Thread-40] INFO  sys-user - [shutdownAsyncManager,62] - ====关闭后台任务任务线程池====
11:34:47.784 [SpringApplicationShutdownHook] INFO  sys-user - [shutdownAsyncManager,62] - ====关闭后台任务任务线程池====
11:34:47.785 [SpringApplicationShutdownHook] INFO  sys-user - [shutdownEhCacheManager,75] - ====关闭缓存====
11:36:27.023 [Thread-33] INFO  sys-user - [shutdownSpringSessionValidationScheduler,45] - ====关闭会话验证任务====
11:36:27.024 [Thread-33] INFO  sys-user - [shutdownAsyncManager,62] - ====关闭后台任务任务线程池====
11:36:27.026 [Thread-33] INFO  sys-user - [shutdownEhCacheManager,75] - ====关闭缓存====
11:36:49.348 [Thread-42] INFO  sys-user - [shutdownAsyncManager,62] - ====关闭后台任务任务线程池====
11:36:49.351 [Thread-42] INFO  sys-user - [shutdownEhCacheManager,75] - ====关闭缓存====
11:37:14.318 [Thread-48] INFO  sys-user - [shutdownAsyncManager,62] - ====关闭后台任务任务线程池====
11:37:14.320 [Thread-48] INFO  sys-user - [shutdownEhCacheManager,75] - ====关闭缓存====
11:47:54.451 [schedule-pool-1] INFO  sys-user - [run,109] - [127.0.0.1]内网IP[air][Success][登录成功]
11:48:45.401 [Thread-54] INFO  sys-user - [shutdownSpringSessionValidationScheduler,45] - ====关闭会话验证任务====
11:48:45.402 [Thread-54] INFO  sys-user - [shutdownAsyncManager,62] - ====关闭后台任务任务线程池====
11:48:45.402 [Thread-54] INFO  sys-user - [shutdownEhCacheManager,75] - ====关闭缓存====
11:49:03.875 [Thread-61] INFO  sys-user - [shutdownAsyncManager,62] - ====关闭后台任务任务线程池====
11:49:03.877 [Thread-61] INFO  sys-user - [shutdownEhCacheManager,75] - ====关闭缓存====
11:54:19.439 [SpringApplicationShutdownHook] INFO  sys-user - [shutdownAsyncManager,62] - ====关闭后台任务任务线程池====
11:54:19.441 [SpringApplicationShutdownHook] INFO  sys-user - [shutdownEhCacheManager,75] - ====关闭缓存====
12:33:20.444 [Thread-53] INFO  sys-user - [shutdownSpringSessionValidationScheduler,45] - ====关闭会话验证任务====
12:33:20.444 [Thread-53] INFO  sys-user - [shutdownAsyncManager,62] - ====关闭后台任务任务线程池====
12:33:20.462 [Thread-53] INFO  sys-user - [shutdownEhCacheManager,75] - ====关闭缓存====
12:33:59.341 [Thread-63] INFO  sys-user - [shutdownAsyncManager,62] - ====关闭后台任务任务线程池====
12:33:59.342 [Thread-63] INFO  sys-user - [shutdownEhCacheManager,75] - ====关闭缓存====
12:34:35.400 [Thread-75] INFO  sys-user - [shutdownAsyncManager,62] - ====关闭后台任务任务线程池====
12:34:35.400 [Thread-75] INFO  sys-user - [shutdownEhCacheManager,75] - ====关闭缓存====
12:34:48.165 [Thread-81] INFO  sys-user - [shutdownAsyncManager,62] - ====关闭后台任务任务线程池====
12:34:48.168 [Thread-81] INFO  sys-user - [shutdownEhCacheManager,75] - ====关闭缓存====
12:35:31.604 [Thread-87] INFO  sys-user - [shutdownAsyncManager,62] - ====关闭后台任务任务线程池====
12:35:31.605 [Thread-87] INFO  sys-user - [shutdownEhCacheManager,75] - ====关闭缓存====
12:40:24.673 [Thread-93] INFO  sys-user - [shutdownAsyncManager,62] - ====关闭后台任务任务线程池====
12:40:24.696 [Thread-93] INFO  sys-user - [shutdownEhCacheManager,75] - ====关闭缓存====
12:45:47.767 [SpringApplicationShutdownHook] INFO  sys-user - [shutdownSpringSessionValidationScheduler,45] - ====关闭会话验证任务====
12:45:47.768 [SpringApplicationShutdownHook] INFO  sys-user - [shutdownAsyncManager,62] - ====关闭后台任务任务线程池====
12:45:47.768 [SpringApplicationShutdownHook] INFO  sys-user - [shutdownEhCacheManager,75] - ====关闭缓存====
12:47:18.998 [schedule-pool-2] INFO  sys-user - [run,109] - [127.0.0.1]内网IP[air][Success][登录成功]
13:00:32.254 [Thread-28] INFO  sys-user - [shutdownSpringSessionValidationScheduler,45] - ====关闭会话验证任务====
13:00:32.255 [Thread-28] INFO  sys-user - [shutdownAsyncManager,62] - ====关闭后台任务任务线程池====
13:00:32.255 [Thread-28] INFO  sys-user - [shutdownEhCacheManager,75] - ====关闭缓存====
13:00:51.470 [Thread-37] INFO  sys-user - [shutdownAsyncManager,62] - ====关闭后台任务任务线程池====
13:00:51.471 [Thread-37] INFO  sys-user - [shutdownEhCacheManager,75] - ====关闭缓存====
13:01:05.545 [Thread-43] INFO  sys-user - [shutdownAsyncManager,62] - ====关闭后台任务任务线程池====
13:01:05.547 [Thread-43] INFO  sys-user - [shutdownEhCacheManager,75] - ====关闭缓存====
13:01:15.411 [Thread-49] INFO  sys-user - [shutdownAsyncManager,62] - ====关闭后台任务任务线程池====
13:01:15.413 [Thread-49] INFO  sys-user - [shutdownEhCacheManager,75] - ====关闭缓存====
13:08:11.039 [Thread-55] INFO  sys-user - [shutdownAsyncManager,62] - ====关闭后台任务任务线程池====
13:08:11.040 [Thread-55] INFO  sys-user - [shutdownEhCacheManager,75] - ====关闭缓存====
13:09:15.606 [Thread-61] INFO  sys-user - [shutdownAsyncManager,62] - ====关闭后台任务任务线程池====
13:09:15.607 [Thread-61] INFO  sys-user - [shutdownEhCacheManager,75] - ====关闭缓存====
13:09:28.568 [Thread-67] INFO  sys-user - [shutdownAsyncManager,62] - ====关闭后台任务任务线程池====
13:09:28.570 [Thread-67] INFO  sys-user - [shutdownEhCacheManager,75] - ====关闭缓存====
13:09:36.525 [Thread-73] INFO  sys-user - [shutdownAsyncManager,62] - ====关闭后台任务任务线程池====
13:09:36.527 [Thread-73] INFO  sys-user - [shutdownEhCacheManager,75] - ====关闭缓存====
13:14:20.550 [schedule-pool-2] INFO  sys-user - [run,109] - [127.0.0.1]内网IP[air][Success][登录成功]
13:19:13.589 [Thread-79] INFO  sys-user - [shutdownSpringSessionValidationScheduler,45] - ====关闭会话验证任务====
13:19:13.590 [Thread-79] INFO  sys-user - [shutdownAsyncManager,62] - ====关闭后台任务任务线程池====
13:19:13.590 [Thread-79] INFO  sys-user - [shutdownEhCacheManager,75] - ====关闭缓存====
13:19:29.740 [Thread-85] INFO  sys-user - [shutdownAsyncManager,62] - ====关闭后台任务任务线程池====
13:19:29.744 [Thread-85] INFO  sys-user - [shutdownEhCacheManager,75] - ====关闭缓存====
13:19:38.921 [Thread-91] INFO  sys-user - [shutdownAsyncManager,62] - ====关闭后台任务任务线程池====
13:19:38.922 [Thread-91] INFO  sys-user - [shutdownEhCacheManager,75] - ====关闭缓存====
13:21:25.689 [schedule-pool-2] INFO  sys-user - [run,109] - [127.0.0.1]内网IP[air][Success][登录成功]
13:25:42.492 [Thread-97] INFO  sys-user - [shutdownSpringSessionValidationScheduler,45] - ====关闭会话验证任务====
13:25:42.493 [Thread-97] INFO  sys-user - [shutdownAsyncManager,62] - ====关闭后台任务任务线程池====
13:25:42.493 [Thread-97] INFO  sys-user - [shutdownEhCacheManager,75] - ====关闭缓存====
13:26:01.229 [Thread-103] INFO  sys-user - [shutdownAsyncManager,62] - ====关闭后台任务任务线程池====
13:26:01.231 [Thread-103] INFO  sys-user - [shutdownEhCacheManager,75] - ====关闭缓存====
13:26:36.134 [Thread-109] INFO  sys-user - [shutdownAsyncManager,62] - ====关闭后台任务任务线程池====
13:26:36.134 [Thread-109] INFO  sys-user - [shutdownEhCacheManager,75] - ====关闭缓存====
13:26:47.465 [Thread-115] INFO  sys-user - [shutdownAsyncManager,62] - ====关闭后台任务任务线程池====
13:26:47.466 [Thread-115] INFO  sys-user - [shutdownEhCacheManager,75] - ====关闭缓存====
13:27:40.623 [Thread-121] INFO  sys-user - [shutdownAsyncManager,62] - ====关闭后台任务任务线程池====
13:27:40.625 [Thread-121] INFO  sys-user - [shutdownEhCacheManager,75] - ====关闭缓存====
13:27:50.669 [Thread-127] INFO  sys-user - [shutdownAsyncManager,62] - ====关闭后台任务任务线程池====
13:27:50.670 [Thread-127] INFO  sys-user - [shutdownEhCacheManager,75] - ====关闭缓存====
13:28:15.287 [Thread-133] INFO  sys-user - [shutdownAsyncManager,62] - ====关闭后台任务任务线程池====
13:28:15.288 [Thread-133] INFO  sys-user - [shutdownEhCacheManager,75] - ====关闭缓存====
13:28:24.750 [Thread-139] INFO  sys-user - [shutdownAsyncManager,62] - ====关闭后台任务任务线程池====
13:28:24.752 [Thread-139] INFO  sys-user - [shutdownEhCacheManager,75] - ====关闭缓存====
13:31:24.957 [Thread-145] INFO  sys-user - [shutdownAsyncManager,62] - ====关闭后台任务任务线程池====
13:31:24.959 [Thread-145] INFO  sys-user - [shutdownEhCacheManager,75] - ====关闭缓存====
13:31:35.543 [Thread-151] INFO  sys-user - [shutdownAsyncManager,62] - ====关闭后台任务任务线程池====
13:31:35.544 [Thread-151] INFO  sys-user - [shutdownEhCacheManager,75] - ====关闭缓存====
13:32:14.649 [schedule-pool-2] INFO  sys-user - [run,109] - [127.0.0.1]内网IP[air][Success][登录成功]
13:33:46.214 [Thread-157] INFO  sys-user - [shutdownSpringSessionValidationScheduler,45] - ====关闭会话验证任务====
13:33:46.215 [Thread-157] INFO  sys-user - [shutdownAsyncManager,62] - ====关闭后台任务任务线程池====
13:33:46.215 [Thread-157] INFO  sys-user - [shutdownEhCacheManager,75] - ====关闭缓存====
13:33:59.763 [Thread-163] INFO  sys-user - [shutdownAsyncManager,62] - ====关闭后台任务任务线程池====
13:33:59.765 [Thread-163] INFO  sys-user - [shutdownEhCacheManager,75] - ====关闭缓存====
13:34:07.823 [Thread-169] INFO  sys-user - [shutdownAsyncManager,62] - ====关闭后台任务任务线程池====
13:34:07.824 [Thread-169] INFO  sys-user - [shutdownEhCacheManager,75] - ====关闭缓存====
13:46:57.683 [schedule-pool-2] INFO  sys-user - [run,109] - [127.0.0.1]内网IP[air][Success][登录成功]
14:01:54.697 [Thread-175] INFO  sys-user - [shutdownSpringSessionValidationScheduler,45] - ====关闭会话验证任务====
14:01:54.702 [Thread-175] INFO  sys-user - [shutdownAsyncManager,62] - ====关闭后台任务任务线程池====
14:01:54.702 [Thread-175] INFO  sys-user - [shutdownEhCacheManager,75] - ====关闭缓存====
14:02:12.902 [Thread-181] INFO  sys-user - [shutdownAsyncManager,62] - ====关闭后台任务任务线程池====
14:02:12.912 [Thread-181] INFO  sys-user - [shutdownEhCacheManager,75] - ====关闭缓存====
14:03:42.132 [schedule-pool-1] INFO  sys-user - [run,109] - [127.0.0.1]内网IP[admin][Success][登录成功]
14:04:44.067 [schedule-pool-1] INFO  sys-user - [run,109] - [127.0.0.1]内网IP[admin][Logout][退出成功]
14:05:08.082 [schedule-pool-2] INFO  sys-user - [run,109] - [127.0.0.1]内网IP[admin][Error][验证码错误]
14:05:12.752 [schedule-pool-4] INFO  sys-user - [run,109] - [127.0.0.1]内网IP[admin][Success][登录成功]
14:12:15.082 [Thread-187] INFO  sys-user - [shutdownSpringSessionValidationScheduler,45] - ====关闭会话验证任务====
14:12:15.086 [Thread-187] INFO  sys-user - [shutdownAsyncManager,62] - ====关闭后台任务任务线程池====
14:12:15.086 [Thread-187] INFO  sys-user - [shutdownEhCacheManager,75] - ====关闭缓存====
14:14:53.113 [Thread-193] INFO  sys-user - [shutdownAsyncManager,62] - ====关闭后台任务任务线程池====
14:14:53.115 [Thread-193] INFO  sys-user - [shutdownEhCacheManager,75] - ====关闭缓存====
14:15:13.215 [Thread-199] INFO  sys-user - [shutdownAsyncManager,62] - ====关闭后台任务任务线程池====
14:15:13.215 [Thread-199] INFO  sys-user - [shutdownEhCacheManager,75] - ====关闭缓存====
14:23:49.401 [schedule-pool-1] INFO  sys-user - [run,109] - [127.0.0.1]内网IP[admin][Success][登录成功]
14:27:24.081 [Thread-205] INFO  sys-user - [shutdownSpringSessionValidationScheduler,45] - ====关闭会话验证任务====
14:27:24.085 [Thread-205] INFO  sys-user - [shutdownAsyncManager,62] - ====关闭后台任务任务线程池====
14:27:24.085 [Thread-205] INFO  sys-user - [shutdownEhCacheManager,75] - ====关闭缓存====
14:27:45.371 [Thread-211] INFO  sys-user - [shutdownAsyncManager,62] - ====关闭后台任务任务线程池====
14:27:45.383 [Thread-211] INFO  sys-user - [shutdownEhCacheManager,75] - ====关闭缓存====
14:28:23.397 [Thread-217] INFO  sys-user - [shutdownAsyncManager,62] - ====关闭后台任务任务线程池====
14:28:23.399 [Thread-217] INFO  sys-user - [shutdownEhCacheManager,75] - ====关闭缓存====
14:28:45.844 [Thread-223] INFO  sys-user - [shutdownAsyncManager,62] - ====关闭后台任务任务线程池====
14:28:45.847 [Thread-223] INFO  sys-user - [shutdownEhCacheManager,75] - ====关闭缓存====
14:29:54.104 [Thread-229] INFO  sys-user - [shutdownAsyncManager,62] - ====关闭后台任务任务线程池====
14:29:54.109 [Thread-229] INFO  sys-user - [shutdownEhCacheManager,75] - ====关闭缓存====
14:30:15.554 [Thread-235] INFO  sys-user - [shutdownAsyncManager,62] - ====关闭后台任务任务线程池====
14:30:15.554 [Thread-235] INFO  sys-user - [shutdownEhCacheManager,75] - ====关闭缓存====
14:33:44.843 [schedule-pool-1] INFO  sys-user - [run,109] - [127.0.0.1]内网IP[admin][Success][登录成功]
14:39:24.785 [Thread-241] INFO  sys-user - [shutdownSpringSessionValidationScheduler,45] - ====关闭会话验证任务====
14:39:24.788 [Thread-241] INFO  sys-user - [shutdownAsyncManager,62] - ====关闭后台任务任务线程池====
14:39:24.788 [Thread-241] INFO  sys-user - [shutdownEhCacheManager,75] - ====关闭缓存====
14:39:48.479 [Thread-247] INFO  sys-user - [shutdownAsyncManager,62] - ====关闭后台任务任务线程池====
14:39:48.483 [Thread-247] INFO  sys-user - [shutdownEhCacheManager,75] - ====关闭缓存====
14:42:46.946 [Thread-253] INFO  sys-user - [shutdownAsyncManager,62] - ====关闭后台任务任务线程池====
14:42:46.954 [Thread-253] INFO  sys-user - [shutdownEhCacheManager,75] - ====关闭缓存====
14:43:04.249 [Thread-259] INFO  sys-user - [shutdownAsyncManager,62] - ====关闭后台任务任务线程池====
14:43:04.250 [Thread-259] INFO  sys-user - [shutdownEhCacheManager,75] - ====关闭缓存====
14:43:47.652 [Thread-265] INFO  sys-user - [shutdownAsyncManager,62] - ====关闭后台任务任务线程池====
14:43:47.658 [Thread-265] INFO  sys-user - [shutdownEhCacheManager,75] - ====关闭缓存====
14:44:34.136 [Thread-271] INFO  sys-user - [shutdownAsyncManager,62] - ====关闭后台任务任务线程池====
14:44:34.139 [Thread-271] INFO  sys-user - [shutdownEhCacheManager,75] - ====关闭缓存====
14:45:33.817 [schedule-pool-1] INFO  sys-user - [run,109] - [127.0.0.1]内网IP[admin][Success][登录成功]
14:46:13.151 [SpringApplicationShutdownHook] INFO  sys-user - [shutdownSpringSessionValidationScheduler,45] - ====关闭会话验证任务====
14:46:13.153 [SpringApplicationShutdownHook] INFO  sys-user - [shutdownAsyncManager,62] - ====关闭后台任务任务线程池====
14:46:13.153 [SpringApplicationShutdownHook] INFO  sys-user - [shutdownEhCacheManager,75] - ====关闭缓存====
15:15:22.618 [schedule-pool-2] INFO  sys-user - [run,109] - [127.0.0.1]内网IP[admin][Success][登录成功]
15:25:42.755 [schedule-pool-9] INFO  sys-user - [run,109] - [127.0.0.1]内网IP[admin][Logout][退出成功]
15:26:35.980 [schedule-pool-10] INFO  sys-user - [run,109] - [127.0.0.1]内网IP[air][Success][登录成功]
15:40:52.561 [schedule-pool-1] INFO  sys-user - [run,109] - [127.0.0.1]内网IP[air][Logout][退出成功]
15:41:15.861 [schedule-pool-8] INFO  sys-user - [run,109] - [127.0.0.1]内网IP[admin][Success][登录成功]
15:53:28.400 [SpringApplicationShutdownHook] INFO  sys-user - [shutdownSpringSessionValidationScheduler,45] - ====关闭会话验证任务====
15:53:28.402 [SpringApplicationShutdownHook] INFO  sys-user - [shutdownAsyncManager,62] - ====关闭后台任务任务线程池====
15:53:28.402 [SpringApplicationShutdownHook] INFO  sys-user - [shutdownEhCacheManager,75] - ====关闭缓存====
